[I 2025-03-03 07:34:09,308] Trial 221 finished with value: 0.502352644788236 and parameters: {'left_stride': 128, 'right_stride': 256, 'attention_pooling_operation': 'max', 'embedding_pooling_operation': 'min', 'threshold': 0.9656494707546062, 'batch_size': 61, 'attention_heads': 13, 'hidden_dimension': 167, 'number_of_hidden_layers': 1, 'dropout_rate': 0.587909244318158, 'global_pooling': 'max', 'learning_rate': 0.0002428265084916737, 'weight_decay': 6.463531809383645e-05, 'beta_0': 0.8536780771277739, 'beta_1': 0.9917229664864688, 'epsilon': 3.744345075186542e-07, 'balanced_loss': True, 'epochs': 103, 'early_stopping_patience': 19, 'plateau_patience': 22, 'plateau_divider': 2}. Best is trial 214 with value: 0.5493008496774074.
CUDA out of memory. Tried to allocate 2.26 GiB. GPU 0 has a total capacity of 44.56 GiB of which 2.24 GiB is free. Including non-PyTorch memory, this process has 42.32 GiB memory in use. Of the allocated memory 38.94 GiB is allocated by PyTorch, and 2.23 GiB is reserved by PyTorch but unallocated. If reserved but unallocated memory is large try setting PYTORCH_CUDA_ALLOC_CONF=expandable_segments:True to avoid fragmentation.  See documentation for Memory Management  (https://pytorch.org/docs/stable/notes/cuda.html#environment-variables)
[I 2025-03-03 08:00:09,174] Trial 222 finished with value: -1.0 and parameters: {'left_stride': 128, 'right_stride': 256, 'attention_pooling_operation': 'max', 'embedding_pooling_operation': 'min', 'threshold': 0.9692186011409244, 'batch_size': 69, 'attention_heads': 13, 'hidden_dimension': 174, 'number_of_hidden_layers': 1, 'dropout_rate': 0.571812619512831, 'global_pooling': 'max', 'learning_rate': 0.00029675022908118553, 'weight_decay': 6.626647660049181e-05, 'beta_0': 0.8519716283055635, 'beta_1': 0.991964988922852, 'epsilon': 3.155199910078718e-07, 'balanced_loss': True, 'epochs': 96, 'early_stopping_patience': 19, 'plateau_patience': 21, 'plateau_divider': 2}. Best is trial 214 with value: 0.5493008496774074.
CUDA out of memory. Tried to allocate 2.13 GiB. GPU 0 has a total capacity of 44.56 GiB of which 58.69 MiB is free. Including non-PyTorch memory, this process has 44.50 GiB memory in use. Of the allocated memory 41.06 GiB is allocated by PyTorch, and 2.28 GiB is reserved by PyTorch but unallocated. If reserved but unallocated memory is large try setting PYTORCH_CUDA_ALLOC_CONF=expandable_segments:True to avoid fragmentation.  See documentation for Memory Management  (https://pytorch.org/docs/stable/notes/cuda.html#environment-variables)
[I 2025-03-03 08:12:49,279] Trial 223 finished with value: -1.0 and parameters: {'left_stride': 128, 'right_stride': 256, 'attention_pooling_operation': 'max', 'embedding_pooling_operation': 'min', 'threshold': 0.9608067864573545, 'batch_size': 60, 'attention_heads': 13, 'hidden_dimension': 163, 'number_of_hidden_layers': 1, 'dropout_rate': 0.5837762823704031, 'global_pooling': 'max', 'learning_rate': 0.00026381366089291223, 'weight_decay': 7.786935247800916e-05, 'beta_0': 0.8514762875771124, 'beta_1': 0.9923557881091457, 'epsilon': 4.230164647114593e-07, 'balanced_loss': True, 'epochs': 99, 'early_stopping_patience': 19, 'plateau_patience': 22, 'plateau_divider': 2}. Best is trial 214 with value: 0.5493008496774074.
CUDA out of memory. Tried to allocate 132.00 MiB. GPU 0 has a total capacity of 44.56 GiB of which 28.69 MiB is free. Including non-PyTorch memory, this process has 44.53 GiB memory in use. Of the allocated memory 42.49 GiB is allocated by PyTorch, and 903.60 MiB is reserved by PyTorch but unallocated. If reserved but unallocated memory is large try setting PYTORCH_CUDA_ALLOC_CONF=expandable_segments:True to avoid fragmentation.  See documentation for Memory Management  (https://pytorch.org/docs/stable/notes/cuda.html#environment-variables)
[I 2025-03-03 08:21:43,308] Trial 224 finished with value: -1.0 and parameters: {'left_stride': 128, 'right_stride': 0, 'attention_pooling_operation': 'max', 'embedding_pooling_operation': 'min', 'threshold': 0.8674220067164141, 'batch_size': 58, 'attention_heads': 12, 'hidden_dimension': 155, 'number_of_hidden_layers': 1, 'dropout_rate': 0.5768565250726565, 'global_pooling': 'max', 'learning_rate': 0.00032958823177989987, 'weight_decay': 9.955750781542924e-05, 'beta_0': 0.8544591401371819, 'beta_1': 0.9920863096258385, 'epsilon': 2.588789134305757e-07, 'balanced_loss': True, 'epochs': 101, 'early_stopping_patience': 19, 'plateau_patience': 22, 'plateau_divider': 2}. Best is trial 214 with value: 0.5493008496774074.
[I 2025-03-03 08:46:09,741] Trial 225 finished with value: 0.5232345122342644 and parameters: {'left_stride': 128, 'right_stride': 256, 'attention_pooling_operation': 'max', 'embedding_pooling_operation': 'min', 'threshold': 0.9715087187270749, 'batch_size': 56, 'attention_heads': 13, 'hidden_dimension': 162, 'number_of_hidden_layers': 1, 'dropout_rate': 0.5892737458373265, 'global_pooling': 'max', 'learning_rate': 0.0003647171873329647, 'weight_decay': 5.6798222257087925e-05, 'beta_0': 0.8479884689601481, 'beta_1': 0.9911138080161436, 'epsilon': 3.5442005880946435e-07, 'balanced_loss': True, 'epochs': 99, 'early_stopping_patience': 19, 'plateau_patience': 21, 'plateau_divider': 2}. Best is trial 214 with value: 0.5493008496774074.
[I 2025-03-03 09:10:30,532] Trial 226 finished with value: 0.5006419150838424 and parameters: {'left_stride': 128, 'right_stride': 256, 'attention_pooling_operation': 'max', 'embedding_pooling_operation': 'min', 'threshold': 0.9720642104031807, 'batch_size': 58, 'attention_heads': 13, 'hidden_dimension': 162, 'number_of_hidden_layers': 1, 'dropout_rate': 0.5906779675688992, 'global_pooling': 'max', 'learning_rate': 0.00038570789332557736, 'weight_decay': 5.360756469313136e-05, 'beta_0': 0.847625921144088, 'beta_1': 0.9911108901775316, 'epsilon': 3.380903976218949e-07, 'balanced_loss': True, 'epochs': 105, 'early_stopping_patience': 19, 'plateau_patience': 21, 'plateau_divider': 2}. Best is trial 214 with value: 0.5493008496774074.
[I 2025-03-03 09:34:56,933] Trial 227 finished with value: 0.4918800999910322 and parameters: {'left_stride': 128, 'right_stride': 64, 'attention_pooling_operation': 'max', 'embedding_pooling_operation': 'min', 'threshold': 0.9670076381716248, 'batch_size': 56, 'attention_heads': 12, 'hidden_dimension': 166, 'number_of_hidden_layers': 1, 'dropout_rate': 0.5952420693547813, 'global_pooling': 'max', 'learning_rate': 0.0002270681312566618, 'weight_decay': 8.195811585695984e-05, 'beta_0': 0.8483933028389662, 'beta_1': 0.9916355704211447, 'epsilon': 1.9424913614178635e-07, 'balanced_loss': True, 'epochs': 108, 'early_stopping_patience': 18, 'plateau_patience': 23, 'plateau_divider': 2}. Best is trial 214 with value: 0.5493008496774074.
[I 2025-03-03 09:59:17,521] Trial 228 finished with value: 0.5036640794391856 and parameters: {'left_stride': 0, 'right_stride': 256, 'attention_pooling_operation': 'max', 'embedding_pooling_operation': 'min', 'threshold': 0.9750415071943435, 'batch_size': 56, 'attention_heads': 13, 'hidden_dimension': 170, 'number_of_hidden_layers': 1, 'dropout_rate': 0.5912509711902009, 'global_pooling': 'max', 'learning_rate': 0.0003471965005708529, 'weight_decay': 5.822449923050033e-05, 'beta_0': 0.846385822701955, 'beta_1': 0.9923873846578758, 'epsilon': 2.5353796998765537e-07, 'balanced_loss': True, 'epochs': 97, 'early_stopping_patience': 19, 'plateau_patience': 21, 'plateau_divider': 2}. Best is trial 214 with value: 0.5493008496774074.
[I 2025-03-03 10:22:16,832] Trial 229 finished with value: 0.5113477439581565 and parameters: {'left_stride': 128, 'right_stride': 256, 'attention_pooling_operation': 'max', 'embedding_pooling_operation': 'min', 'threshold': 0.971191548814688, 'batch_size': 63, 'attention_heads': 13, 'hidden_dimension': 158, 'number_of_hidden_layers': 1, 'dropout_rate': 0.5703181080477578, 'global_pooling': 'max', 'learning_rate': 0.000284382351464964, 'weight_decay': 6.210564256311409e-05, 'beta_0': 0.8517346100743657, 'beta_1': 0.991928522341865, 'epsilon': 4.2911079784475315e-07, 'balanced_loss': True, 'epochs': 102, 'early_stopping_patience': 19, 'plateau_patience': 22, 'plateau_divider': 2}. Best is trial 214 with value: 0.5493008496774074.
[I 2025-03-03 10:44:59,907] Trial 230 finished with value: 0.5151458447580775 and parameters: {'left_stride': 128, 'right_stride': 256, 'attention_pooling_operation': 'max', 'embedding_pooling_operation': 'min', 'threshold': 0.9664974598707201, 'batch_size': 58, 'attention_heads': 13, 'hidden_dimension': 164, 'number_of_hidden_layers': 1, 'dropout_rate': 0.5786690104360827, 'global_pooling': 'max', 'learning_rate': 0.00042013859240128945, 'weight_decay': 6.965625624930733e-05, 'beta_0': 0.8504344993346682, 'beta_1': 0.9912543131138498, 'epsilon': 3.33740345085852e-07, 'balanced_loss': True, 'epochs': 101, 'early_stopping_patience': 19, 'plateau_patience': 22, 'plateau_divider': 2}. Best is trial 214 with value: 0.5493008496774074.
CUDA out of memory. Tried to allocate 1.96 GiB. GPU 0 has a total capacity of 44.56 GiB of which 1.54 GiB is free. Including non-PyTorch memory, this process has 43.01 GiB memory in use. Of the allocated memory 38.68 GiB is allocated by PyTorch, and 3.18 GiB is reserved by PyTorch but unallocated. If reserved but unallocated memory is large try setting PYTORCH_CUDA_ALLOC_CONF=expandable_segments:True to avoid fragmentation.  See documentation for Memory Management  (https://pytorch.org/docs/stable/notes/cuda.html#environment-variables)
[I 2025-03-03 10:59:30,070] Trial 231 finished with value: -1.0 and parameters: {'left_stride': 128, 'right_stride': 256, 'attention_pooling_operation': 'max', 'embedding_pooling_operation': 'min', 'threshold': 0.963006372812427, 'batch_size': 62, 'attention_heads': 13, 'hidden_dimension': 151, 'number_of_hidden_layers': 1, 'dropout_rate': 0.5599262641947568, 'global_pooling': 'max', 'learning_rate': 0.00030248046699950704, 'weight_decay': 5.8140703936988706e-05, 'beta_0': 0.8560886497535792, 'beta_1': 0.9917693074134935, 'epsilon': 5.223563002352819e-07, 'balanced_loss': True, 'epochs': 107, 'early_stopping_patience': 18, 'plateau_patience': 22, 'plateau_divider': 2}. Best is trial 214 with value: 0.5493008496774074.
CUDA out of memory. Tried to allocate 530.00 MiB. GPU 0 has a total capacity of 44.56 GiB of which 208.69 MiB is free. Including non-PyTorch memory, this process has 44.35 GiB memory in use. Of the allocated memory 42.50 GiB is allocated by PyTorch, and 712.17 MiB is reserved by PyTorch but unallocated. If reserved but unallocated memory is large try setting PYTORCH_CUDA_ALLOC_CONF=expandable_segments:True to avoid fragmentation.  See documentation for Memory Management  (https://pytorch.org/docs/stable/notes/cuda.html#environment-variables)
[I 2025-03-03 11:09:26,819] Trial 232 finished with value: -1.0 and parameters: {'left_stride': 128, 'right_stride': 256, 'attention_pooling_operation': 'max', 'embedding_pooling_operation': 'min', 'threshold': 0.8842747714159944, 'batch_size': 60, 'attention_heads': 14, 'hidden_dimension': 172, 'number_of_hidden_layers': 1, 'dropout_rate': 0.5564890269959439, 'global_pooling': 'max', 'learning_rate': 0.00036347753773351827, 'weight_decay': 7.365307533185124e-05, 'beta_0': 0.8532764629189956, 'beta_1': 0.9925602764671893, 'epsilon': 4.455621927753166e-07, 'balanced_loss': True, 'epochs': 98, 'early_stopping_patience': 20, 'plateau_patience': 23, 'plateau_divider': 2}. Best is trial 214 with value: 0.5493008496774074.
[I 2025-03-03 11:33:15,794] Trial 233 finished with value: 0.5044417836576933 and parameters: {'left_stride': 128, 'right_stride': 256, 'attention_pooling_operation': 'max', 'embedding_pooling_operation': 'min', 'threshold': 0.9712932285704812, 'batch_size': 56, 'attention_heads': 13, 'hidden_dimension': 142, 'number_of_hidden_layers': 1, 'dropout_rate': 0.5669874651862993, 'global_pooling': 'max', 'learning_rate': 0.00023853658276311342, 'weight_decay': 5.2889171065032204e-05, 'beta_0': 0.8449176945725067, 'beta_1': 0.9949304642543575, 'epsilon': 1.2356805289432067e-07, 'balanced_loss': True, 'epochs': 93, 'early_stopping_patience': 19, 'plateau_patience': 22, 'plateau_divider': 2}. Best is trial 214 with value: 0.5493008496774074.
[I 2025-03-03 11:56:00,090] Trial 234 finished with value: 0.5245564570330101 and parameters: {'left_stride': 64, 'right_stride': 256, 'attention_pooling_operation': 'max', 'embedding_pooling_operation': 'min', 'threshold': 0.9759342201588902, 'batch_size': 52, 'attention_heads': 14, 'hidden_dimension': 164, 'number_of_hidden_layers': 1, 'dropout_rate': 0.5954248919501285, 'global_pooling': 'max', 'learning_rate': 0.0004496684199033535, 'weight_decay': 2.2825288689516315e-05, 'beta_0': 0.8484359711356312, 'beta_1': 0.9925993824540414, 'epsilon': 2.7883567936953996e-07, 'balanced_loss': True, 'epochs': 99, 'early_stopping_patience': 19, 'plateau_patience': 23, 'plateau_divider': 2}. Best is trial 214 with value: 0.5493008496774074.
[I 2025-03-03 12:18:03,419] Trial 235 finished with value: 0.4858670288074689 and parameters: {'left_stride': 64, 'right_stride': 256, 'attention_pooling_operation': 'max', 'embedding_pooling_operation': 'min', 'threshold': 0.9820796361557589, 'batch_size': 52, 'attention_heads': 14, 'hidden_dimension': 155, 'number_of_hidden_layers': 1, 'dropout_rate': 0.589467598221295, 'global_pooling': 'max', 'learning_rate': 0.0004584894242515392, 'weight_decay': 2.325223994484948e-05, 'beta_0': 0.8483812418731981, 'beta_1': 0.9926385319141525, 'epsilon': 2.7081875599281083e-07, 'balanced_loss': True, 'epochs': 130, 'early_stopping_patience': 18, 'plateau_patience': 23, 'plateau_divider': 2}. Best is trial 214 with value: 0.5493008496774074.
[I 2025-03-03 12:37:07,760] Trial 236 finished with value: 0.4983377375586414 and parameters: {'left_stride': 64, 'right_stride': 256, 'attention_pooling_operation': 'max', 'embedding_pooling_operation': 'min', 'threshold': 0.9767083170131411, 'batch_size': 55, 'attention_heads': 14, 'hidden_dimension': 131, 'number_of_hidden_layers': 1, 'dropout_rate': 0.5542248264250482, 'global_pooling': 'max', 'learning_rate': 0.00042372780716982934, 'weight_decay': 2.632314485208035e-05, 'beta_0': 0.8394543063742002, 'beta_1': 0.9934549116658807, 'epsilon': 3.044732454330955e-07, 'balanced_loss': True, 'epochs': 104, 'early_stopping_patience': 19, 'plateau_patience': 23, 'plateau_divider': 2}. Best is trial 214 with value: 0.5493008496774074.
[I 2025-03-03 12:59:21,990] Trial 237 finished with value: 0.501323581865962 and parameters: {'left_stride': 64, 'right_stride': 256, 'attention_pooling_operation': 'max', 'embedding_pooling_operation': 'min', 'threshold': 0.9763015230345049, 'batch_size': 51, 'attention_heads': 15, 'hidden_dimension': 161, 'number_of_hidden_layers': 1, 'dropout_rate': 0.5930167716330212, 'global_pooling': 'max', 'learning_rate': 0.0007680845696936389, 'weight_decay': 2.085520889464717e-05, 'beta_0': 0.8458459558217428, 'beta_1': 0.9909009660870706, 'epsilon': 2.3800490892951307e-07, 'balanced_loss': True, 'epochs': 128, 'early_stopping_patience': 20, 'plateau_patience': 23, 'plateau_divider': 2}. Best is trial 214 with value: 0.5493008496774074.
[I 2025-03-03 13:21:29,124] Trial 238 finished with value: 0.5178142040475588 and parameters: {'left_stride': 64, 'right_stride': 256, 'attention_pooling_operation': 'max', 'embedding_pooling_operation': 'min', 'threshold': 0.9651533216603124, 'batch_size': 54, 'attention_heads': 14, 'hidden_dimension': 146, 'number_of_hidden_layers': 1, 'dropout_rate': 0.5820934457005517, 'global_pooling': 'max', 'learning_rate': 0.0004903140866094862, 'weight_decay': 3.226713486899875e-05, 'beta_0': 0.8417908699630269, 'beta_1': 0.9928061772263788, 'epsilon': 1.7139001872915583e-07, 'balanced_loss': True, 'epochs': 110, 'early_stopping_patience': 19, 'plateau_patience': 23, 'plateau_divider': 2}. Best is trial 214 with value: 0.5493008496774074.
[I 2025-03-03 13:44:57,693] Trial 239 finished with value: 0.5137266345646333 and parameters: {'left_stride': 128, 'right_stride': 256, 'attention_pooling_operation': 'max', 'embedding_pooling_operation': 'min', 'threshold': 0.972501587345959, 'batch_size': 56, 'attention_heads': 13, 'hidden_dimension': 167, 'number_of_hidden_layers': 1, 'dropout_rate': 0.59985412012191, 'global_pooling': 'max', 'learning_rate': 0.00032625480287020857, 'weight_decay': 6.459144874967874e-05, 'beta_0': 0.8501404916395666, 'beta_1': 0.9921084397295847, 'epsilon': 9.582406804969424e-08, 'balanced_loss': True, 'epochs': 95, 'early_stopping_patience': 19, 'plateau_patience': 22, 'plateau_divider': 2}. Best is trial 214 with value: 0.5493008496774074.
[I 2025-03-03 14:08:53,278] Trial 240 finished with value: 0.48612653040292936 and parameters: {'left_stride': 128, 'right_stride': 256, 'attention_pooling_operation': 'max', 'embedding_pooling_operation': 'min', 'threshold': 0.9692333302311912, 'batch_size': 59, 'attention_heads': 14, 'hidden_dimension': 179, 'number_of_hidden_layers': 1, 'dropout_rate': 0.5624251434429235, 'global_pooling': 'max', 'learning_rate': 0.0002611792899602083, 'weight_decay': 3.6944187672872364e-05, 'beta_0': 0.84737814410733, 'beta_1': 0.9914116660915158, 'epsilon': 3.626876364406191e-07, 'balanced_loss': True, 'epochs': 99, 'early_stopping_patience': 19, 'plateau_patience': 21, 'plateau_divider': 2}. Best is trial 214 with value: 0.5493008496774074.
CUDA out of memory. Tried to allocate 2.13 GiB. GPU 0 has a total capacity of 44.56 GiB of which 1.27 GiB is free. Including non-PyTorch memory, this process has 43.29 GiB memory in use. Of the allocated memory 39.54 GiB is allocated by PyTorch, and 2.59 GiB is reserved by PyTorch but unallocated. If reserved but unallocated memory is large try setting PYTORCH_CUDA_ALLOC_CONF=expandable_segments:True to avoid fragmentation.  See documentation for Memory Management  (https://pytorch.org/docs/stable/notes/cuda.html#environment-variables)
[I 2025-03-03 14:21:48,367] Trial 241 finished with value: -1.0 and parameters: {'left_stride': 128, 'right_stride': 256, 'attention_pooling_operation': 'max', 'embedding_pooling_operation': 'min', 'threshold': 0.9589514010379702, 'batch_size': 52, 'attention_heads': 14, 'hidden_dimension': 162, 'number_of_hidden_layers': 1, 'dropout_rate': 0.5500266097473416, 'global_pooling': 'max', 'learning_rate': 0.00038794385603063073, 'weight_decay': 5.057778982821504e-05, 'beta_0': 0.8522613045943571, 'beta_1': 0.9918251518044011, 'epsilon': 4.771435867508597e-07, 'balanced_loss': True, 'epochs': 99, 'early_stopping_patience': 18, 'plateau_patience': 24, 'plateau_divider': 2}. Best is trial 214 with value: 0.5493008496774074.
slurmstepd: error: *** JOB 15068789 ON gpu004 CANCELLED AT 2025-03-03T14:24:21 DUE TO TIME LIMIT ***
